<?xml version="1.0" encoding="utf-8"?><testsuites name="pytest tests"><testsuite name="pytest" errors="0" failures="0" skipped="0" tests="33" time="20.449" timestamp="2026-07-31T11:14:27.813998+00:00" hostname="agent-env-7bcfcd28-046b-43a3-9dd1-925241f7a590"><testcase classname="tests.backend_test.TestAuth" name="test_admin_login_sets_cookies" time="0.459" /><testcase classname="tests.backend_test.TestAuth" name="test_me_with_cookie" time="0.372" /><testcase classname="tests.backend_test.TestAuth" name="test_refresh" time="1.399" /><testcase classname="tests.backend_test.TestAuth" name="test_unauthenticated_401" time="0.101" /><testcase classname="tests.backend_test.TestAuth" name="test_invalid_login" time="0.324" /><testcase classname="tests.backend_test.TestReconciliation" name="test_summary_counts" time="0.387" /><testcase classname="tests.backend_test.TestReconciliation" name="test_pending_mappings_9" time="0.364" /><testcase classname="tests.backend_test.TestHistoricalWriteGuard" name="test_get_still_works" time="0.374" /><testcase classname="tests.backend_test.TestHistoricalWriteGuard" name="test_patch_returns_405_and_audits" time="0.449" /><testcase classname="tests.backend_test.TestHistoricalWriteGuard" name="test_delete_returns_405" time="0.366" /><testcase classname="tests.backend_test.TestForcePasswordChange" name="test_me_works_but_scope_blocked_with_428" time="0.441" /><testcase classname="tests.backend_test.TestForcePasswordChange" name="test_evaluator_scope_blocked_with_428" time="0.438" /><testcase classname="tests.backend_test.TestForcePasswordChange" name="test_weak_password_rejected_422" time="0.506" /><testcase classname="tests.backend_test.TestForcePasswordChange" name="test_same_password_rejected_400" time="0.832" /><testcase classname="tests.backend_test.TestForcePasswordChange" name="test_change_password_flow_and_session_revocation" time="2.638" /><testcase classname="tests.backend_test.TestForgotResetPassword" name="test_forgot_known_email_writes_sink" time="0.645" /><testcase classname="tests.backend_test.TestForgotResetPassword" name="test_forgot_unknown_email_no_enumeration" time="0.121" /><testcase classname="tests.backend_test.TestForgotResetPassword" name="test_forgot_rate_limited" time="0.497" /><testcase classname="tests.backend_test.TestForgotResetPassword" name="test_reset_invalid_token_400" time="0.095" /><testcase classname="tests.backend_test.TestForgotResetPassword" name="test_reset_weak_password_422" time="0.089" /><testcase classname="tests.backend_test.TestForgotResetPassword" name="test_reset_full_roundtrip_and_reuse_rejected" time="2.382" /><testcase classname="tests.backend_test.TestEvaluatorHistorical" name="test_evaluator_scoped_282" time="2.463" /><testcase classname="tests.backend_test.TestEvaluatorHistorical" name="test_evaluator_cannot_use_admin_historical" time="0.368" /><testcase classname="tests.backend_test.TestDQ" name="test_summary_shape" time="0.376" /><testcase classname="tests.backend_test.TestDQ" name="test_drill_template_metadata_stale" time="0.365" /><testcase classname="tests.backend_test.TestDQ" name="test_drill_unknown_404" time="0.386" /><testcase classname="tests.backend_test.TestV8Cohorts" name="test_cohorts_map_exact" time="0.372" /><testcase classname="tests.backend_test.TestV8Cohorts" name="test_cohort_3_detail" time="0.449" /><testcase classname="tests.backend_test.TestV8Cohorts" name="test_org_journey_ORG_A01_01" time="0.380" /><testcase classname="tests.backend_test.TestV8Cohorts" name="test_org_journey_unknown_404" time="0.364" /><testcase classname="tests.backend_test.TestRBACNewEndpoints" name="test_consultant_forbidden_new_admin_endpoints" time="0.538" /><testcase classname="tests.backend_test.TestRBACNewEndpoints" name="test_evaluator_forbidden_admin_new" time="0.442" /><testcase classname="tests.backend_test.TestBruteForce" name="test_lockout_after_5_failures" time="0.585" /></testsuite></testsuites>