<?xml version="1.0" encoding="utf-8"?><testsuites name="pytest tests"><testsuite name="pytest" errors="0" failures="0" skipped="0" tests="20" time="3.539" timestamp="2026-07-31T10:43:37.593021+00:00" hostname="agent-env-7bcfcd28-046b-43a3-9dd1-925241f7a590"><testcase classname="tests.backend_test.TestAuth" name="test_admin_login_sets_cookies" time="0.379" /><testcase classname="tests.backend_test.TestRBAC" name="test_consultant_cannot_admin" time="0.949" /><testcase classname="tests.backend_test.TestAuth" name="test_me_with_cookie" time="0.525" /><testcase classname="tests.backend_test.TestAuth" name="test_refresh" time="0.044" /><testcase classname="tests.backend_test.TestAuth" name="test_unauthenticated_returns_401" time="0.108" /><testcase classname="tests.backend_test.TestRBAC" name="test_consultant_cannot_evaluator" time="0.050" /><testcase classname="tests.backend_test.TestAuth" name="test_protected_endpoint_no_auth_401" time="0.265" /><testcase classname="tests.backend_test.TestAuth" name="test_invalid_login" time="0.363" /><testcase classname="tests.backend_test.TestRBAC" name="test_evaluator_cannot_admin" time="0.410" /><testcase classname="tests.backend_test.TestRBAC" name="test_evaluator_cannot_consultant" time="0.234" /><testcase classname="tests.backend_test.TestReconciliation" name="test_summary_counts" time="0.290" /><testcase classname="tests.backend_test.TestReconciliation" name="test_pending_mappings_9" time="0.043" /><testcase classname="tests.backend_test.TestRBAC" name="test_admin_cannot_consultant_endpoint" time="0.382" /><testcase classname="tests.backend_test.TestReconciliation" name="test_admin_lists" time="0.205" /><testcase classname="tests.backend_test.TestEvaluator" name="test_queue_count" time="0.081" /><testcase classname="tests.backend_test.TestEvaluator" name="test_hours_summary" time="0.047" /><testcase classname="tests.backend_test.TestEvaluator" name="test_evaluator_orgs" time="0.051" /><testcase classname="tests.backend_test.TestBruteForce" name="test_lockout_after_5_failures" time="0.795" /><testcase classname="tests.backend_test.TestConsultant" name="test_submissions_count" time="0.407" /><testcase classname="tests.backend_test.TestConsultant" name="test_activities" time="0.088" /></testsuite></testsuites>